::1 - - [29/Jul/2020:07:57:06 +0000] "GET /farmers/5f15c37c37225902b9da62d2 HTTP/1.1" 304 - "http://localhost:4200/farmer/list" "Mozilla/5.0 (Macintosh; Intel Mac OS X 10_15_4) AppleWebKit/537.36 (KHTML, like Gecko) Chrome/84.0.4147.89 Safari/537.36"
::1 - - [29/Jul/2020:08:02:51 +0000] "GET /farmers/5f15c37c37225902b9da62d2 HTTP/1.1" - - "http://localhost:4200/farmer/home" "Mozilla/5.0 (Macintosh; Intel Mac OS X 10_15_4) AppleWebKit/537.36 (KHTML, like Gecko) Chrome/84.0.4147.89 Safari/537.36"
::1 - - [29/Jul/2020:08:02:56 +0000] "GET /farmers/orders/5f15c37c37225902b9da62d2 HTTP/1.1" - - "http://localhost:4200/farmer/order" "Mozilla/5.0 (Macintosh; Intel Mac OS X 10_15_4) AppleWebKit/537.36 (KHTML, like Gecko) Chrome/84.0.4147.89 Safari/537.36"
::1 - - [29/Jul/2020:08:05:02 +0000] "GET /farmers/orders/5f15c37c37225902b9da62d2 HTTP/1.1" 200 1161 "http://localhost:4200/farmer/order" "Mozilla/5.0 (Macintosh; Intel Mac OS X 10_15_4) AppleWebKit/537.36 (KHTML, like Gecko) Chrome/84.0.4147.89 Safari/537.36"
::1 - - [29/Jul/2020:08:05:09 +0000] "GET /farmers/orders/5f15c37c37225902b9da62d2 HTTP/1.1" 304 - "http://localhost:4200/farmer/order" "Mozilla/5.0 (Macintosh; Intel Mac OS X 10_15_4) AppleWebKit/537.36 (KHTML, like Gecko) Chrome/84.0.4147.89 Safari/537.36"
::1 - - [29/Jul/2020:08:05:13 +0000] "GET /farmers/orders/5f15c37c37225902b9da62d2 HTTP/1.1" 304 - "http://localhost:4200/farmer/order" "Mozilla/5.0 (Macintosh; Intel Mac OS X 10_15_4) AppleWebKit/537.36 (KHTML, like Gecko) Chrome/84.0.4147.89 Safari/537.36"
::1 - - [29/Jul/2020:08:05:31 +0000] "GET /farmers/orders/5f15c37c37225902b9da62d2 HTTP/1.1" 304 - "http://localhost:4200/farmer/order" "Mozilla/5.0 (Macintosh; Intel Mac OS X 10_15_4) AppleWebKit/537.36 (KHTML, like Gecko) Chrome/84.0.4147.89 Safari/537.36"
::1 - - [29/Jul/2020:08:05:50 +0000] "GET /farmers/orders/5f15c37c37225902b9da62d2 HTTP/1.1" 304 - "http://localhost:4200/farmer/order" "Mozilla/5.0 (Macintosh; Intel Mac OS X 10_15_4) AppleWebKit/537.36 (KHTML, like Gecko) Chrome/84.0.4147.89 Safari/537.36"
::1 - - [29/Jul/2020:08:06:28 +0000] "GET /farmers/orders/5f15c37c37225902b9da62d2 HTTP/1.1" 304 - "http://localhost:4200/farmer/order" "Mozilla/5.0 (Macintosh; Intel Mac OS X 10_15_4) AppleWebKit/537.36 (KHTML, like Gecko) Chrome/84.0.4147.89 Safari/537.36"
::1 - - [29/Jul/2020:08:07:07 +0000] "GET /farmers/orders/5f15c37c37225902b9da62d2 HTTP/1.1" 304 - "http://localhost:4200/farmer/order" "Mozilla/5.0 (Macintosh; Intel Mac OS X 10_15_4) AppleWebKit/537.36 (KHTML, like Gecko) Chrome/84.0.4147.89 Safari/537.36"
::1 - - [29/Jul/2020:08:07:51 +0000] "GET /farmers/orders/5f15c37c37225902b9da62d2 HTTP/1.1" 304 - "http://localhost:4200/farmer/order" "Mozilla/5.0 (Macintosh; Intel Mac OS X 10_15_4) AppleWebKit/537.36 (KHTML, like Gecko) Chrome/84.0.4147.89 Safari/537.36"
::1 - - [29/Jul/2020:08:08:37 +0000] "GET /farmers/orders/5f15c37c37225902b9da62d2 HTTP/1.1" 304 - "http://localhost:4200/farmer/order" "Mozilla/5.0 (Macintosh; Intel Mac OS X 10_15_4) AppleWebKit/537.36 (KHTML, like Gecko) Chrome/84.0.4147.89 Safari/537.36"
::1 - - [29/Jul/2020:08:09:21 +0000] "GET /farmers/orders/5f15c37c37225902b9da62d2 HTTP/1.1" 304 - "http://localhost:4200/farmer/order" "Mozilla/5.0 (Macintosh; Intel Mac OS X 10_15_4) AppleWebKit/537.36 (KHTML, like Gecko) Chrome/84.0.4147.89 Safari/537.36"
::1 - - [29/Jul/2020:08:10:19 +0000] "GET /farmers/orders/5f15c37c37225902b9da62d2 HTTP/1.1" 304 - "http://localhost:4200/farmer/order" "Mozilla/5.0 (Macintosh; Intel Mac OS X 10_15_4) AppleWebKit/537.36 (KHTML, like Gecko) Chrome/84.0.4147.89 Safari/537.36"
::1 - - [29/Jul/2020:08:26:24 +0000] "GET /farmers/5f15c37c37225902b9da62d2 HTTP/1.1" 200 704 "http://localhost:4200/farmer/list" "Mozilla/5.0 (Macintosh; Intel Mac OS X 10_15_4) AppleWebKit/537.36 (KHTML, like Gecko) Chrome/84.0.4147.89 Safari/537.36"
::1 - - [29/Jul/2020:08:26:27 +0000] "GET /farmers/orders/5f15c37c37225902b9da62d2 HTTP/1.1" 304 - "http://localhost:4200/farmer/order" "Mozilla/5.0 (Macintosh; Intel Mac OS X 10_15_4) AppleWebKit/537.36 (KHTML, like Gecko) Chrome/84.0.4147.89 Safari/537.36"
::1 - - [29/Jul/2020:17:46:50 +0000] "POST /farmers/5f21b5c58b37a5088c5ce6fd HTTP/1.1" 200 295 "http://localhost:4200/farmer/add" "Mozilla/5.0 (Macintosh; Intel Mac OS X 10_15_4) AppleWebKit/537.36 (KHTML, like Gecko) Chrome/84.0.4147.89 Safari/537.36"
::1 - - [29/Jul/2020:17:46:50 +0000] "GET /farmers/5f21b5c58b37a5088c5ce6fd HTTP/1.1" 200 197 "http://localhost:4200/farmer/list" "Mozilla/5.0 (Macintosh; Intel Mac OS X 10_15_4) AppleWebKit/537.36 (KHTML, like Gecko) Chrome/84.0.4147.89 Safari/537.36"
::1 - - [29/Jul/2020:17:47:18 +0000] "GET /farmers/5f21b5c58b37a5088c5ce6fd HTTP/1.1" 304 - "http://localhost:4200/farmer/list" "Mozilla/5.0 (Macintosh; Intel Mac OS X 10_15_4) AppleWebKit/537.36 (KHTML, like Gecko) Chrome/84.0.4147.89 Safari/537.36"
::1 - - [29/Jul/2020:17:48:23 +0000] "GET /farmers/5f21b5c58b37a5088c5ce6fd HTTP/1.1" 304 - "http://localhost:4200/farmer/list" "Mozilla/5.0 (Macintosh; Intel Mac OS X 10_15_4) AppleWebKit/537.36 (KHTML, like Gecko) Chrome/84.0.4147.89 Safari/537.36"
::1 - - [29/Jul/2020:17:48:32 +0000] "GET /file/upload/ HTTP/1.1" 404 151 "http://localhost:4200/farmer/home" "Mozilla/5.0 (Macintosh; Intel Mac OS X 10_15_4) AppleWebKit/537.36 (KHTML, like Gecko) Chrome/84.0.4147.89 Safari/537.36"
::1 - - [29/Jul/2020:17:48:32 +0000] "GET /farmers/5f21b5c58b37a5088c5ce6fd HTTP/1.1" 304 - "http://localhost:4200/farmer/home" "Mozilla/5.0 (Macintosh; Intel Mac OS X 10_15_4) AppleWebKit/537.36 (KHTML, like Gecko) Chrome/84.0.4147.89 Safari/537.36"
::1 - - [29/Jul/2020:17:49:22 +0000] "POST /farmers/images/5f21b5c58b37a5088c5ce6fd HTTP/1.1" 200 285 "http://localhost:4200/farmer/home" "Mozilla/5.0 (Macintosh; Intel Mac OS X 10_15_4) AppleWebKit/537.36 (KHTML, like Gecko) Chrome/84.0.4147.89 Safari/537.36"
::1 - - [29/Jul/2020:17:49:27 +0000] "GET /farmers/5f21b5c58b37a5088c5ce6fd HTTP/1.1" 304 - "http://localhost:4200/farmer/list" "Mozilla/5.0 (Macintosh; Intel Mac OS X 10_15_4) AppleWebKit/537.36 (KHTML, like Gecko) Chrome/84.0.4147.89 Safari/537.36"
::1 - - [29/Jul/2020:17:49:41 +0000] "GET /farmers/5f21b5c58b37a5088c5ce6fd HTTP/1.1" 304 - "http://localhost:4200/farmer/list" "Mozilla/5.0 (Macintosh; Intel Mac OS X 10_15_4) AppleWebKit/537.36 (KHTML, like Gecko) Chrome/84.0.4147.89 Safari/537.36"
::1 - - [29/Jul/2020:17:51:12 +0000] "POST /farmers/5f21b5c58b37a5088c5ce6fd HTTP/1.1" 200 295 "http://localhost:4200/farmer/add" "Mozilla/5.0 (Macintosh; Intel Mac OS X 10_15_4) AppleWebKit/537.36 (KHTML, like Gecko) Chrome/84.0.4147.89 Safari/537.36"
::1 - - [29/Jul/2020:17:51:12 +0000] "GET /farmers/5f21b5c58b37a5088c5ce6fd HTTP/1.1" 200 386 "http://localhost:4200/farmer/list" "Mozilla/5.0 (Macintosh; Intel Mac OS X 10_15_4) AppleWebKit/537.36 (KHTML, like Gecko) Chrome/84.0.4147.89 Safari/537.36"
::1 - - [29/Jul/2020:17:51:18 +0000] "GET /farmers/5f21b5c58b37a5088c5ce6fd HTTP/1.1" 304 - "http://localhost:4200/farmer/list" "Mozilla/5.0 (Macintosh; Intel Mac OS X 10_15_4) AppleWebKit/537.36 (KHTML, like Gecko) Chrome/84.0.4147.89 Safari/537.36"
::1 - - [29/Jul/2020:17:51:56 +0000] "GET /farmers/orders/5f21b5c58b37a5088c5ce6fd HTTP/1.1" 200 46 "http://localhost:4200/farmer/order" "Mozilla/5.0 (Macintosh; Intel Mac OS X 10_15_4) AppleWebKit/537.36 (KHTML, like Gecko) Chrome/84.0.4147.89 Safari/537.36"
::1 - - [29/Jul/2020:17:52:43 +0000] "POST /farmers/5f21b5c58b37a5088c5ce6fd HTTP/1.1" 200 295 "http://localhost:4200/farmer/add" "Mozilla/5.0 (Macintosh; Intel Mac OS X 10_15_4) AppleWebKit/537.36 (KHTML, like Gecko) Chrome/84.0.4147.89 Safari/537.36"
::1 - - [29/Jul/2020:17:52:43 +0000] "GET /farmers/5f21b5c58b37a5088c5ce6fd HTTP/1.1" 200 533 "http://localhost:4200/farmer/list" "Mozilla/5.0 (Macintosh; Intel Mac OS X 10_15_4) AppleWebKit/537.36 (KHTML, like Gecko) Chrome/84.0.4147.89 Safari/537.36"
::1 - - [29/Jul/2020:17:52:52 +0000] "GET /file/upload/ HTTP/1.1" 404 151 "http://localhost:4200/farmer/home" "Mozilla/5.0 (Macintosh; Intel Mac OS X 10_15_4) AppleWebKit/537.36 (KHTML, like Gecko) Chrome/84.0.4147.89 Safari/537.36"
::1 - - [29/Jul/2020:17:52:52 +0000] "GET /farmers/5f21b5c58b37a5088c5ce6fd HTTP/1.1" 304 - "http://localhost:4200/farmer/home" "Mozilla/5.0 (Macintosh; Intel Mac OS X 10_15_4) AppleWebKit/537.36 (KHTML, like Gecko) Chrome/84.0.4147.89 Safari/537.36"
::1 - - [29/Jul/2020:17:53:01 +0000] "GET /file/upload/ HTTP/1.1" 404 151 "http://localhost:4200/farmer/home" "Mozilla/5.0 (Macintosh; Intel Mac OS X 10_15_4) AppleWebKit/537.36 (KHTML, like Gecko) Chrome/84.0.4147.89 Safari/537.36"
::1 - - [29/Jul/2020:17:53:01 +0000] "GET /farmers/5f21b5c58b37a5088c5ce6fd HTTP/1.1" 304 - "http://localhost:4200/farmer/home" "Mozilla/5.0 (Macintosh; Intel Mac OS X 10_15_4) AppleWebKit/537.36 (KHTML, like Gecko) Chrome/84.0.4147.89 Safari/537.36"
::1 - - [29/Jul/2020:17:53:25 +0000] "POST /farmers/images/5f21b5c58b37a5088c5ce6fd HTTP/1.1" 200 285 "http://localhost:4200/farmer/home" "Mozilla/5.0 (Macintosh; Intel Mac OS X 10_15_4) AppleWebKit/537.36 (KHTML, like Gecko) Chrome/84.0.4147.89 Safari/537.36"
::1 - - [29/Jul/2020:17:54:42 +0000] "POST /farmers/5f21b5c58b37a5088c5ce6fd HTTP/1.1" 200 295 "http://localhost:4200/farmer/add" "Mozilla/5.0 (Macintosh; Intel Mac OS X 10_15_4) AppleWebKit/537.36 (KHTML, like Gecko) Chrome/84.0.4147.89 Safari/537.36"
::1 - - [29/Jul/2020:17:54:42 +0000] "GET /farmers/5f21b5c58b37a5088c5ce6fd HTTP/1.1" 200 676 "http://localhost:4200/farmer/list" "Mozilla/5.0 (Macintosh; Intel Mac OS X 10_15_4) AppleWebKit/537.36 (KHTML, like Gecko) Chrome/84.0.4147.89 Safari/537.36"
::1 - - [29/Jul/2020:17:56:41 +0000] "GET /farmers/5f21b5c58b37a5088c5ce6fd HTTP/1.1" 304 - "http://localhost:4200/farmer/list" "Mozilla/5.0 (Macintosh; Intel Mac OS X 10_15_4) AppleWebKit/537.36 (KHTML, like Gecko) Chrome/84.0.4147.89 Safari/537.36"
::1 - - [29/Jul/2020:17:57:29 +0000] "GET /farmers/5f21b5c58b37a5088c5ce6fd HTTP/1.1" 304 - "http://localhost:4200/farmer/home" "Mozilla/5.0 (Macintosh; Intel Mac OS X 10_15_4) AppleWebKit/537.36 (KHTML, like Gecko) Chrome/84.0.4147.89 Safari/537.36"
::1 - - [29/Jul/2020:17:58:33 +0000] "GET /farmers/5f21b5c58b37a5088c5ce6fd HTTP/1.1" 304 - "http://localhost:4200/farmer/home" "Mozilla/5.0 (Macintosh; Intel Mac OS X 10_15_4) AppleWebKit/537.36 (KHTML, like Gecko) Chrome/84.0.4147.89 Safari/537.36"
::1 - - [29/Jul/2020:17:59:43 +0000] "GET /farmers/5f21b5c58b37a5088c5ce6fd HTTP/1.1" 304 - "http://localhost:4200/farmer/home" "Mozilla/5.0 (Macintosh; Intel Mac OS X 10_15_4) AppleWebKit/537.36 (KHTML, like Gecko) Chrome/84.0.4147.89 Safari/537.36"
::1 - - [29/Jul/2020:18:00:49 +0000] "GET /farmers/orders/5f21b5c58b37a5088c5ce6fd HTTP/1.1" 304 - "http://localhost:4200/farmer/order" "Mozilla/5.0 (Macintosh; Intel Mac OS X 10_15_4) AppleWebKit/537.36 (KHTML, like Gecko) Chrome/84.0.4147.89 Safari/537.36"
::1 - - [29/Jul/2020:18:00:55 +0000] "GET /farmers/5f21b5c58b37a5088c5ce6fd HTTP/1.1" 304 - "http://localhost:4200/farmer/home" "Mozilla/5.0 (Macintosh; Intel Mac OS X 10_15_4) AppleWebKit/537.36 (KHTML, like Gecko) Chrome/84.0.4147.89 Safari/537.36"
::1 - - [29/Jul/2020:18:02:44 +0000] "GET /file/upload/ HTTP/1.1" 404 151 "http://localhost:4200/farmer/home" "Mozilla/5.0 (Macintosh; Intel Mac OS X 10_15_4) AppleWebKit/537.36 (KHTML, like Gecko) Chrome/84.0.4147.89 Safari/537.36"
::1 - - [29/Jul/2020:18:02:44 +0000] "GET /farmers/5f21b9bb8b37a5088c5ce702 HTTP/1.1" 200 57 "http://localhost:4200/farmer/home" "Mozilla/5.0 (Macintosh; Intel Mac OS X 10_15_4) AppleWebKit/537.36 (KHTML, like Gecko) Chrome/84.0.4147.89 Safari/537.36"
::1 - - [29/Jul/2020:18:03:37 +0000] "POST /farmers/5f21b9bb8b37a5088c5ce702 HTTP/1.1" 200 295 "http://localhost:4200/farmer/add" "Mozilla/5.0 (Macintosh; Intel Mac OS X 10_15_4) AppleWebKit/537.36 (KHTML, like Gecko) Chrome/84.0.4147.89 Safari/537.36"
::1 - - [29/Jul/2020:18:03:37 +0000] "GET /farmers/5f21b9bb8b37a5088c5ce702 HTTP/1.1" 200 186 "http://localhost:4200/farmer/list" "Mozilla/5.0 (Macintosh; Intel Mac OS X 10_15_4) AppleWebKit/537.36 (KHTML, like Gecko) Chrome/84.0.4147.89 Safari/537.36"
::1 - - [29/Jul/2020:18:03:45 +0000] "GET /farmers/orders/5f21b9bb8b37a5088c5ce702 HTTP/1.1" 200 46 "http://localhost:4200/farmer/order" "Mozilla/5.0 (Macintosh; Intel Mac OS X 10_15_4) AppleWebKit/537.36 (KHTML, like Gecko) Chrome/84.0.4147.89 Safari/537.36"
::1 - - [29/Jul/2020:18:03:48 +0000] "GET /file/upload/ HTTP/1.1" 404 151 "http://localhost:4200/farmer/home" "Mozilla/5.0 (Macintosh; Intel Mac OS X 10_15_4) AppleWebKit/537.36 (KHTML, like Gecko) Chrome/84.0.4147.89 Safari/537.36"
::1 - - [29/Jul/2020:18:03:48 +0000] "GET /farmers/5f21b9bb8b37a5088c5ce702 HTTP/1.1" 304 - "http://localhost:4200/farmer/home" "Mozilla/5.0 (Macintosh; Intel Mac OS X 10_15_4) AppleWebKit/537.36 (KHTML, like Gecko) Chrome/84.0.4147.89 Safari/537.36"
::1 - - [29/Jul/2020:18:04:01 +0000] "POST /farmers/images/5f21b9bb8b37a5088c5ce702 HTTP/1.1" 200 285 "http://localhost:4200/farmer/home" "Mozilla/5.0 (Macintosh; Intel Mac OS X 10_15_4) AppleWebKit/537.36 (KHTML, like Gecko) Chrome/84.0.4147.89 Safari/537.36"
::1 - - [29/Jul/2020:18:04:04 +0000] "GET /file/upload/ HTTP/1.1" 404 151 "http://localhost:4200/farmer/home" "Mozilla/5.0 (Macintosh; Intel Mac OS X 10_15_4) AppleWebKit/537.36 (KHTML, like Gecko) Chrome/84.0.4147.89 Safari/537.36"
::1 - - [29/Jul/2020:18:04:04 +0000] "GET /farmers/5f21b9bb8b37a5088c5ce702 HTTP/1.1" 304 - "http://localhost:4200/farmer/home" "Mozilla/5.0 (Macintosh; Intel Mac OS X 10_15_4) AppleWebKit/537.36 (KHTML, like Gecko) Chrome/84.0.4147.89 Safari/537.36"
::1 - - [29/Jul/2020:18:04:44 +0000] "GET /file/upload/ HTTP/1.1" 404 151 "http://localhost:4200/farmer/home" "Mozilla/5.0 (Macintosh; Intel Mac OS X 10_15_4) AppleWebKit/537.36 (KHTML, like Gecko) Chrome/84.0.4147.89 Safari/537.36"
::1 - - [29/Jul/2020:18:04:44 +0000] "GET /farmers/5f21b9bb8b37a5088c5ce702 HTTP/1.1" 304 - "http://localhost:4200/farmer/home" "Mozilla/5.0 (Macintosh; Intel Mac OS X 10_15_4) AppleWebKit/537.36 (KHTML, like Gecko) Chrome/84.0.4147.89 Safari/537.36"
::1 - - [29/Jul/2020:18:04:51 +0000] "GET /file/upload/ HTTP/1.1" 404 151 "http://localhost:4200/farmer/home" "Mozilla/5.0 (Macintosh; Intel Mac OS X 10_15_4) AppleWebKit/537.36 (KHTML, like Gecko) Chrome/84.0.4147.89 Safari/537.36"
::1 - - [29/Jul/2020:18:04:51 +0000] "GET /farmers/5f21b9bb8b37a5088c5ce702 HTTP/1.1" 304 - "http://localhost:4200/farmer/home" "Mozilla/5.0 (Macintosh; Intel Mac OS X 10_15_4) AppleWebKit/537.36 (KHTML, like Gecko) Chrome/84.0.4147.89 Safari/537.36"
::1 - - [29/Jul/2020:18:05:50 +0000] "POST /farmers/5f21b9bb8b37a5088c5ce702 HTTP/1.1" 200 295 "http://localhost:4200/farmer/add" "Mozilla/5.0 (Macintosh; Intel Mac OS X 10_15_4) AppleWebKit/537.36 (KHTML, like Gecko) Chrome/84.0.4147.89 Safari/537.36"
::1 - - [29/Jul/2020:18:05:50 +0000] "GET /farmers/5f21b9bb8b37a5088c5ce702 HTTP/1.1" 200 314 "http://localhost:4200/farmer/list" "Mozilla/5.0 (Macintosh; Intel Mac OS X 10_15_4) AppleWebKit/537.36 (KHTML, like Gecko) Chrome/84.0.4147.89 Safari/537.36"
::1 - - [29/Jul/2020:18:06:04 +0000] "GET /farmers/orders/5f21b9bb8b37a5088c5ce702 HTTP/1.1" 304 - "http://localhost:4200/farmer/order" "Mozilla/5.0 (Macintosh; Intel Mac OS X 10_15_4) AppleWebKit/537.36 (KHTML, like Gecko) Chrome/84.0.4147.89 Safari/537.36"
::1 - - [29/Jul/2020:18:07:08 +0000] "GET /farmers/orders/5f21b9bb8b37a5088c5ce702 HTTP/1.1" 304 - "http://localhost:4200/farmer/order" "Mozilla/5.0 (Macintosh; Intel Mac OS X 10_15_4) AppleWebKit/537.36 (KHTML, like Gecko) Chrome/84.0.4147.89 Safari/537.36"
::1 - - [29/Jul/2020:18:07:13 +0000] "GET /file/upload/ HTTP/1.1" 404 151 "http://localhost:4200/farmer/home" "Mozilla/5.0 (Macintosh; Intel Mac OS X 10_15_4) AppleWebKit/537.36 (KHTML, like Gecko) Chrome/84.0.4147.89 Safari/537.36"
::1 - - [29/Jul/2020:18:07:13 +0000] "GET /farmers/5f21b9bb8b37a5088c5ce702 HTTP/1.1" 304 - "http://localhost:4200/farmer/home" "Mozilla/5.0 (Macintosh; Intel Mac OS X 10_15_4) AppleWebKit/537.36 (KHTML, like Gecko) Chrome/84.0.4147.89 Safari/537.36"
::1 - - [29/Jul/2020:18:08:45 +0000] "GET /file/upload/ HTTP/1.1" 404 151 "http://localhost:4200/farmer/home" "Mozilla/5.0 (Macintosh; Intel Mac OS X 10_15_4) AppleWebKit/537.36 (KHTML, like Gecko) Chrome/84.0.4147.89 Safari/537.36"
::1 - - [29/Jul/2020:18:08:45 +0000] "GET /farmers/5f21b9bb8b37a5088c5ce702 HTTP/1.1" 304 - "http://localhost:4200/farmer/home" "Mozilla/5.0 (Macintosh; Intel Mac OS X 10_15_4) AppleWebKit/537.36 (KHTML, like Gecko) Chrome/84.0.4147.89 Safari/537.36"
::1 - - [29/Jul/2020:18:09:08 +0000] "GET /file/upload/ HTTP/1.1" 404 151 "http://localhost:4200/farmer/home" "Mozilla/5.0 (Macintosh; Intel Mac OS X 10_15_4) AppleWebKit/537.36 (KHTML, like Gecko) Chrome/84.0.4147.89 Safari/537.36"
::1 - - [29/Jul/2020:18:09:08 +0000] "GET /farmers/5f21b9bb8b37a5088c5ce702 HTTP/1.1" 304 - "http://localhost:4200/farmer/home" "Mozilla/5.0 (Macintosh; Intel Mac OS X 10_15_4) AppleWebKit/537.36 (KHTML, like Gecko) Chrome/84.0.4147.89 Safari/537.36"
::1 - - [29/Jul/2020:18:09:31 +0000] "GET /farmers/orders/5f21b9bb8b37a5088c5ce702 HTTP/1.1" 304 - "http://localhost:4200/farmer/order" "Mozilla/5.0 (Macintosh; Intel Mac OS X 10_15_4) AppleWebKit/537.36 (KHTML, like Gecko) Chrome/84.0.4147.89 Safari/537.36"
::1 - - [29/Jul/2020:18:09:41 +0000] "GET /farmers/5f21b9bb8b37a5088c5ce702 HTTP/1.1" 304 - "http://localhost:4200/farmer/list" "Mozilla/5.0 (Macintosh; Intel Mac OS X 10_15_4) AppleWebKit/537.36 (KHTML, like Gecko) Chrome/84.0.4147.89 Safari/537.36"
::1 - - [29/Jul/2020:18:10:03 +0000] "GET /farmers/5f21b9bb8b37a5088c5ce702 HTTP/1.1" 304 - "http://localhost:4200/farmer/list" "Mozilla/5.0 (Macintosh; Intel Mac OS X 10_15_4) AppleWebKit/537.36 (KHTML, like Gecko) Chrome/84.0.4147.89 Safari/537.36"
::1 - - [29/Jul/2020:18:10:41 +0000] "GET /farmers/5f21b5558b37a5088c5ce6fb HTTP/1.1" 401 21 "http://localhost:4200/farmer/home" "Mozilla/5.0 (Macintosh; Intel Mac OS X 10_15_4) AppleWebKit/537.36 (KHTML, like Gecko) Chrome/84.0.4147.89 Safari/537.36"
::1 - - [29/Jul/2020:18:10:41 +0000] "GET /file/upload/ HTTP/1.1" 404 151 "http://localhost:4200/farmer/home" "Mozilla/5.0 (Macintosh; Intel Mac OS X 10_15_4) AppleWebKit/537.36 (KHTML, like Gecko) Chrome/84.0.4147.89 Safari/537.36"
::1 - - [29/Jul/2020:18:12:04 +0000] "GET /farmers/5f21b5558b37a5088c5ce6fb HTTP/1.1" 401 21 "http://localhost:4200/farmer/home" "Mozilla/5.0 (Macintosh; Intel Mac OS X 10_15_4) AppleWebKit/537.36 (KHTML, like Gecko) Chrome/84.0.4147.89 Safari/537.36"
::1 - - [29/Jul/2020:18:12:04 +0000] "GET /file/upload/ HTTP/1.1" 404 151 "http://localhost:4200/farmer/home" "Mozilla/5.0 (Macintosh; Intel Mac OS X 10_15_4) AppleWebKit/537.36 (KHTML, like Gecko) Chrome/84.0.4147.89 Safari/537.36"
::1 - - [29/Jul/2020:18:19:25 +0000] "GET /farmers/5f21b5558b37a5088c5ce6fb HTTP/1.1" 401 21 "http://localhost:4200/farmer/home" "Mozilla/5.0 (Macintosh; Intel Mac OS X 10_15_4) AppleWebKit/537.36 (KHTML, like Gecko) Chrome/84.0.4147.89 Safari/537.36"
::1 - - [29/Jul/2020:18:19:25 +0000] "GET /file/upload/ HTTP/1.1" 404 151 "http://localhost:4200/farmer/home" "Mozilla/5.0 (Macintosh; Intel Mac OS X 10_15_4) AppleWebKit/537.36 (KHTML, like Gecko) Chrome/84.0.4147.89 Safari/537.36"
::1 - - [29/Jul/2020:18:19:52 +0000] "GET /farmers/5f21b5558b37a5088c5ce6fb HTTP/1.1" 401 21 "http://localhost:4200/farmer/home" "Mozilla/5.0 (Macintosh; Intel Mac OS X 10_15_4) AppleWebKit/537.36 (KHTML, like Gecko) Chrome/84.0.4147.89 Safari/537.36"
::1 - - [29/Jul/2020:18:19:52 +0000] "GET /file/upload/ HTTP/1.1" 404 151 "http://localhost:4200/farmer/home" "Mozilla/5.0 (Macintosh; Intel Mac OS X 10_15_4) AppleWebKit/537.36 (KHTML, like Gecko) Chrome/84.0.4147.89 Safari/537.36"
::1 - - [29/Jul/2020:18:20:11 +0000] "GET /farmers/5f21b9bb8b37a5088c5ce702 HTTP/1.1" 304 - "http://localhost:4200/farmer/list" "Mozilla/5.0 (Macintosh; Intel Mac OS X 10_15_4) AppleWebKit/537.36 (KHTML, like Gecko) Chrome/84.0.4147.89 Safari/537.36"
::1 - - [29/Jul/2020:18:20:27 +0000] "GET /farmers/5f21b9bb8b37a5088c5ce702 HTTP/1.1" 304 - "http://localhost:4200/farmer/home" "Mozilla/5.0 (Macintosh; Intel Mac OS X 10_15_4) AppleWebKit/537.36 (KHTML, like Gecko) Chrome/84.0.4147.89 Safari/537.36"
::1 - - [29/Jul/2020:18:20:34 +0000] "GET /farmers/5f21b9bb8b37a5088c5ce702 HTTP/1.1" 304 - "http://localhost:4200/farmer/home" "Mozilla/5.0 (Macintosh; Intel Mac OS X 10_15_4) AppleWebKit/537.36 (KHTML, like Gecko) Chrome/84.0.4147.89 Safari/537.36"
::1 - - [29/Jul/2020:18:20:40 +0000] "GET /farmers/5f21b9bb8b37a5088c5ce702 HTTP/1.1" 304 - "http://localhost:4200/farmer/list" "Mozilla/5.0 (Macintosh; Intel Mac OS X 10_15_4) AppleWebKit/537.36 (KHTML, like Gecko) Chrome/84.0.4147.89 Safari/537.36"
::1 - - [29/Jul/2020:18:25:39 +0000] "GET /farmers/5f21b9bb8b37a5088c5ce702 HTTP/1.1" 304 - "http://localhost:4200/farmer/home" "Mozilla/5.0 (Macintosh; Intel Mac OS X 10_15_4) AppleWebKit/537.36 (KHTML, like Gecko) Chrome/84.0.4147.89 Safari/537.36"
::1 - - [29/Jul/2020:18:26:19 +0000] "GET /farmers/5f21b9bb8b37a5088c5ce702 HTTP/1.1" 304 - "http://localhost:4200/farmer/home" "Mozilla/5.0 (Macintosh; Intel Mac OS X 10_15_4) AppleWebKit/537.36 (KHTML, like Gecko) Chrome/84.0.4147.89 Safari/537.36"
::1 - - [29/Jul/2020:18:26:41 +0000] "GET /farmers/5f21b9bb8b37a5088c5ce702 HTTP/1.1" 304 - "http://localhost:4200/farmer/list" "Mozilla/5.0 (Macintosh; Intel Mac OS X 10_15_4) AppleWebKit/537.36 (KHTML, like Gecko) Chrome/84.0.4147.89 Safari/537.36"
::1 - - [29/Jul/2020:18:29:50 +0000] "GET /farmers/5f21b9bb8b37a5088c5ce702 HTTP/1.1" 304 - "http://localhost:4200/farmer/home" "Mozilla/5.0 (Macintosh; Intel Mac OS X 10_15_4) AppleWebKit/537.36 (KHTML, like Gecko) Chrome/84.0.4147.89 Safari/537.36"
::1 - - [29/Jul/2020:18:29:55 +0000] "GET /farmers/5f21b9bb8b37a5088c5ce702 HTTP/1.1" 304 - "http://localhost:4200/farmer/home" "Mozilla/5.0 (Macintosh; Intel Mac OS X 10_15_4) AppleWebKit/537.36 (KHTML, like Gecko) Chrome/84.0.4147.89 Safari/537.36"
::1 - - [29/Jul/2020:18:30:23 +0000] "GET /farmers/5f21b9bb8b37a5088c5ce702 HTTP/1.1" 304 - "http://localhost:4200/farmer/home" "Mozilla/5.0 (Macintosh; Intel Mac OS X 10_15_4) AppleWebKit/537.36 (KHTML, like Gecko) Chrome/84.0.4147.89 Safari/537.36"
::1 - - [29/Jul/2020:18:30:32 +0000] "GET /farmers/5f21b9bb8b37a5088c5ce702 HTTP/1.1" 304 - "http://localhost:4200/farmer/list" "Mozilla/5.0 (Macintosh; Intel Mac OS X 10_15_4) AppleWebKit/537.36 (KHTML, like Gecko) Chrome/84.0.4147.89 Safari/537.36"
::1 - - [29/Jul/2020:18:31:37 +0000] "GET /farmers/5f21b9bb8b37a5088c5ce702 HTTP/1.1" 304 - "http://localhost:4200/farmer/list" "Mozilla/5.0 (Macintosh; Intel Mac OS X 10_15_4) AppleWebKit/537.36 (KHTML, like Gecko) Chrome/84.0.4147.89 Safari/537.36"
::1 - - [29/Jul/2020:18:31:37 +0000] "GET /farmers/5f21b9bb8b37a5088c5ce702 HTTP/1.1" 304 - "http://localhost:4200/farmer/home" "Mozilla/5.0 (Macintosh; Intel Mac OS X 10_15_4) AppleWebKit/537.36 (KHTML, like Gecko) Chrome/84.0.4147.89 Safari/537.36"
::1 - - [29/Jul/2020:18:31:44 +0000] "GET /farmers/5f21b9bb8b37a5088c5ce702 HTTP/1.1" 304 - "http://localhost:4200/farmer/list" "Mozilla/5.0 (Macintosh; Intel Mac OS X 10_15_4) AppleWebKit/537.36 (KHTML, like Gecko) Chrome/84.0.4147.89 Safari/537.36"
::1 - - [29/Jul/2020:18:31:49 +0000] "GET /farmers/5f21b9bb8b37a5088c5ce702 HTTP/1.1" 304 - "http://localhost:4200/farmer/home" "Mozilla/5.0 (Macintosh; Intel Mac OS X 10_15_4) AppleWebKit/537.36 (KHTML, like Gecko) Chrome/84.0.4147.89 Safari/537.36"
::1 - - [29/Jul/2020:18:32:31 +0000] "GET /farmers/5f21b9bb8b37a5088c5ce702 HTTP/1.1" 304 - "http://localhost:4200/farmer/home" "Mozilla/5.0 (Macintosh; Intel Mac OS X 10_15_4) AppleWebKit/537.36 (KHTML, like Gecko) Chrome/84.0.4147.89 Safari/537.36"
::1 - - [29/Jul/2020:18:32:31 +0000] "GET /farmers/5f21b9bb8b37a5088c5ce702 HTTP/1.1" 304 - "http://localhost:4200/farmer/home" "Mozilla/5.0 (Macintosh; Intel Mac OS X 10_15_4) AppleWebKit/537.36 (KHTML, like Gecko) Chrome/84.0.4147.89 Safari/537.36"
::1 - - [29/Jul/2020:18:32:47 +0000] "GET /farmers/5f21b9bb8b37a5088c5ce702 HTTP/1.1" 304 - "http://localhost:4200/farmer/home" "Mozilla/5.0 (Macintosh; Intel Mac OS X 10_15_4) AppleWebKit/537.36 (KHTML, like Gecko) Chrome/84.0.4147.89 Safari/537.36"
::1 - - [29/Jul/2020:18:33:34 +0000] "GET /farmers/5f21b9bb8b37a5088c5ce702 HTTP/1.1" 304 - "http://localhost:4200/farmer/home" "Mozilla/5.0 (Macintosh; Intel Mac OS X 10_15_4) AppleWebKit/537.36 (KHTML, like Gecko) Chrome/84.0.4147.89 Safari/537.36"
::1 - - [29/Jul/2020:18:33:35 +0000] "GET /farmers/5f21b9bb8b37a5088c5ce702 HTTP/1.1" 304 - "http://localhost:4200/farmer/home" "Mozilla/5.0 (Macintosh; Intel Mac OS X 10_15_4) AppleWebKit/537.36 (KHTML, like Gecko) Chrome/84.0.4147.89 Safari/537.36"
::1 - - [29/Jul/2020:18:33:43 +0000] "GET /farmers/5f21b9bb8b37a5088c5ce702 HTTP/1.1" 304 - "http://localhost:4200/farmer/home" "Mozilla/5.0 (Macintosh; Intel Mac OS X 10_15_4) AppleWebKit/537.36 (KHTML, like Gecko) Chrome/84.0.4147.89 Safari/537.36"
::1 - - [29/Jul/2020:18:35:02 +0000] "GET /farmers/5f21b9bb8b37a5088c5ce702 HTTP/1.1" 304 - "http://localhost:4200/farmer/home" "Mozilla/5.0 (Macintosh; Intel Mac OS X 10_15_4) AppleWebKit/537.36 (KHTML, like Gecko) Chrome/84.0.4147.89 Safari/537.36"
::1 - - [29/Jul/2020:18:35:02 +0000] "GET /farmers/5f21b9bb8b37a5088c5ce702 HTTP/1.1" 304 - "http://localhost:4200/farmer/home" "Mozilla/5.0 (Macintosh; Intel Mac OS X 10_15_4) AppleWebKit/537.36 (KHTML, like Gecko) Chrome/84.0.4147.89 Safari/537.36"
::1 - - [29/Jul/2020:18:35:07 +0000] "GET /farmers/5f21b9bb8b37a5088c5ce702 HTTP/1.1" 304 - "http://localhost:4200/farmer/list" "Mozilla/5.0 (Macintosh; Intel Mac OS X 10_15_4) AppleWebKit/537.36 (KHTML, like Gecko) Chrome/84.0.4147.89 Safari/537.36"
::1 - - [29/Jul/2020:18:35:10 +0000] "GET /farmers/orders/5f21b9bb8b37a5088c5ce702 HTTP/1.1" 304 - "http://localhost:4200/farmer/order" "Mozilla/5.0 (Macintosh; Intel Mac OS X 10_15_4) AppleWebKit/537.36 (KHTML, like Gecko) Chrome/84.0.4147.89 Safari/537.36"
::1 - - [29/Jul/2020:18:35:33 +0000] "GET /farmers/orders/5f21b9bb8b37a5088c5ce702 HTTP/1.1" 304 - "http://localhost:4200/farmer/order" "Mozilla/5.0 (Macintosh; Intel Mac OS X 10_15_4) AppleWebKit/537.36 (KHTML, like Gecko) Chrome/84.0.4147.89 Safari/537.36"
::1 - - [29/Jul/2020:18:35:49 +0000] "GET /farmers/5f21b9bb8b37a5088c5ce702 HTTP/1.1" 304 - "http://localhost:4200/farmer/home" "Mozilla/5.0 (Macintosh; Intel Mac OS X 10_15_4) AppleWebKit/537.36 (KHTML, like Gecko) Chrome/84.0.4147.89 Safari/537.36"
::1 - - [29/Jul/2020:18:36:33 +0000] "GET /farmers/5f21b9bb8b37a5088c5ce702 HTTP/1.1" 304 - "http://localhost:4200/farmer/home" "Mozilla/5.0 (Macintosh; Intel Mac OS X 10_15_4) AppleWebKit/537.36 (KHTML, like Gecko) Chrome/84.0.4147.89 Safari/537.36"
::1 - - [29/Jul/2020:18:36:33 +0000] "GET /farmers/orders/5f21b9bb8b37a5088c5ce702 HTTP/1.1" 304 - "http://localhost:4200/farmer/order" "Mozilla/5.0 (Macintosh; Intel Mac OS X 10_15_4) AppleWebKit/537.36 (KHTML, like Gecko) Chrome/84.0.4147.89 Safari/537.36"
::1 - - [29/Jul/2020:18:37:29 +0000] "GET /farmers/5f21b9bb8b37a5088c5ce702 HTTP/1.1" 304 - "http://localhost:4200/farmer/home" "Mozilla/5.0 (Macintosh; Intel Mac OS X 10_15_4) AppleWebKit/537.36 (KHTML, like Gecko) Chrome/84.0.4147.89 Safari/537.36"
::1 - - [29/Jul/2020:18:37:37 +0000] "GET /farmers/orders/5f21b9bb8b37a5088c5ce702 HTTP/1.1" 304 - "http://localhost:4200/farmer/order" "Mozilla/5.0 (Macintosh; Intel Mac OS X 10_15_4) AppleWebKit/537.36 (KHTML, like Gecko) Chrome/84.0.4147.89 Safari/537.36"
::1 - - [29/Jul/2020:18:38:14 +0000] "GET /farmers/5f21b9bb8b37a5088c5ce702 HTTP/1.1" 304 - "http://localhost:4200/farmer/home" "Mozilla/5.0 (Macintosh; Intel Mac OS X 10_15_4) AppleWebKit/537.36 (KHTML, like Gecko) Chrome/84.0.4147.89 Safari/537.36"
::1 - - [29/Jul/2020:18:38:15 +0000] "GET /farmers/orders/5f21b9bb8b37a5088c5ce702 HTTP/1.1" 304 - "http://localhost:4200/farmer/order" "Mozilla/5.0 (Macintosh; Intel Mac OS X 10_15_4) AppleWebKit/537.36 (KHTML, like Gecko) Chrome/84.0.4147.89 Safari/537.36"
::1 - - [29/Jul/2020:18:41:09 +0000] "GET /farmers/5f21b9bb8b37a5088c5ce702 HTTP/1.1" 304 - "http://localhost:4200/farmer/home" "Mozilla/5.0 (Macintosh; Intel Mac OS X 10_15_4) AppleWebKit/537.36 (KHTML, like Gecko) Chrome/84.0.4147.89 Safari/537.36"
::1 - - [29/Jul/2020:18:41:09 +0000] "GET /farmers/orders/5f21b9bb8b37a5088c5ce702 HTTP/1.1" 304 - "http://localhost:4200/farmer/order" "Mozilla/5.0 (Macintosh; Intel Mac OS X 10_15_4) AppleWebKit/537.36 (KHTML, like Gecko) Chrome/84.0.4147.89 Safari/537.36"
::1 - - [29/Jul/2020:18:42:59 +0000] "GET /farmers/5f21b9bb8b37a5088c5ce702 HTTP/1.1" 304 - "http://localhost:4200/farmer/list" "Mozilla/5.0 (Macintosh; Intel Mac OS X 10_15_4) AppleWebKit/537.36 (KHTML, like Gecko) Chrome/84.0.4147.89 Safari/537.36"
::1 - - [29/Jul/2020:18:43:01 +0000] "GET /farmers/5f21b9bb8b37a5088c5ce702 HTTP/1.1" 304 - "http://localhost:4200/farmer/home" "Mozilla/5.0 (Macintosh; Intel Mac OS X 10_15_4) AppleWebKit/537.36 (KHTML, like Gecko) Chrome/84.0.4147.89 Safari/537.36"
::1 - - [29/Jul/2020:18:46:51 +0000] "GET /farmers/5f21b9bb8b37a5088c5ce702 HTTP/1.1" 304 - "http://localhost:4200/farmer/home" "Mozilla/5.0 (Macintosh; Intel Mac OS X 10_15_4) AppleWebKit/537.36 (KHTML, like Gecko) Chrome/84.0.4147.89 Safari/537.36"
::1 - - [29/Jul/2020:18:47:12 +0000] "GET /farmers/5f21b9bb8b37a5088c5ce702 HTTP/1.1" 304 - "http://localhost:4200/farmer/list" "Mozilla/5.0 (Macintosh; Intel Mac OS X 10_15_4) AppleWebKit/537.36 (KHTML, like Gecko) Chrome/84.0.4147.89 Safari/537.36"
::1 - - [29/Jul/2020:18:47:14 +0000] "GET /farmers/orders/5f21b9bb8b37a5088c5ce702 HTTP/1.1" 304 - "http://localhost:4200/farmer/order" "Mozilla/5.0 (Macintosh; Intel Mac OS X 10_15_4) AppleWebKit/537.36 (KHTML, like Gecko) Chrome/84.0.4147.89 Safari/537.36"
::1 - - [29/Jul/2020:18:47:17 +0000] "GET /farmers/5f21b9bb8b37a5088c5ce702 HTTP/1.1" 304 - "http://localhost:4200/farmer/home" "Mozilla/5.0 (Macintosh; Intel Mac OS X 10_15_4) AppleWebKit/537.36 (KHTML, like Gecko) Chrome/84.0.4147.89 Safari/537.36"
::1 - - [29/Jul/2020:18:47:25 +0000] "GET /farmers/5f21b9bb8b37a5088c5ce702 HTTP/1.1" 304 - "http://localhost:4200/farmer/list" "Mozilla/5.0 (Macintosh; Intel Mac OS X 10_15_4) AppleWebKit/537.36 (KHTML, like Gecko) Chrome/84.0.4147.89 Safari/537.36"
::1 - - [29/Jul/2020:18:47:27 +0000] "GET /farmers/orders/5f21b9bb8b37a5088c5ce702 HTTP/1.1" 304 - "http://localhost:4200/farmer/order" "Mozilla/5.0 (Macintosh; Intel Mac OS X 10_15_4) AppleWebKit/537.36 (KHTML, like Gecko) Chrome/84.0.4147.89 Safari/537.36"
::1 - - [29/Jul/2020:18:47:28 +0000] "GET /farmers/5f21b9bb8b37a5088c5ce702 HTTP/1.1" 304 - "http://localhost:4200/farmer/home" "Mozilla/5.0 (Macintosh; Intel Mac OS X 10_15_4) AppleWebKit/537.36 (KHTML, like Gecko) Chrome/84.0.4147.89 Safari/537.36"
::1 - - [29/Jul/2020:18:47:31 +0000] "GET /farmers/5f21b9bb8b37a5088c5ce702 HTTP/1.1" 304 - "http://localhost:4200/farmer/home" "Mozilla/5.0 (Macintosh; Intel Mac OS X 10_15_4) AppleWebKit/537.36 (KHTML, like Gecko) Chrome/84.0.4147.89 Safari/537.36"
::1 - - [29/Jul/2020:18:47:40 +0000] "GET /farmers/5f21b9bb8b37a5088c5ce702 HTTP/1.1" 304 - "http://localhost:4200/farmer/home" "Mozilla/5.0 (Macintosh; Intel Mac OS X 10_15_4) AppleWebKit/537.36 (KHTML, like Gecko) Chrome/84.0.4147.89 Safari/537.36"
::1 - - [29/Jul/2020:18:47:43 +0000] "GET /farmers/5f21b9bb8b37a5088c5ce702 HTTP/1.1" 304 - "http://localhost:4200/farmer/list" "Mozilla/5.0 (Macintosh; Intel Mac OS X 10_15_4) AppleWebKit/537.36 (KHTML, like Gecko) Chrome/84.0.4147.89 Safari/537.36"
::1 - - [29/Jul/2020:18:47:45 +0000] "GET /farmers/orders/5f21b9bb8b37a5088c5ce702 HTTP/1.1" 304 - "http://localhost:4200/farmer/order" "Mozilla/5.0 (Macintosh; Intel Mac OS X 10_15_4) AppleWebKit/537.36 (KHTML, like Gecko) Chrome/84.0.4147.89 Safari/537.36"
::1 - - [29/Jul/2020:18:47:46 +0000] "GET /farmers/5f21b9bb8b37a5088c5ce702 HTTP/1.1" 304 - "http://localhost:4200/farmer/home" "Mozilla/5.0 (Macintosh; Intel Mac OS X 10_15_4) AppleWebKit/537.36 (KHTML, like Gecko) Chrome/84.0.4147.89 Safari/537.36"
::1 - - [29/Jul/2020:18:48:42 +0000] "GET /farmers/5f21b9bb8b37a5088c5ce702 HTTP/1.1" 304 - "http://localhost:4200/farmer/home" "Mozilla/5.0 (Macintosh; Intel Mac OS X 10_15_4) AppleWebKit/537.36 (KHTML, like Gecko) Chrome/84.0.4147.89 Safari/537.36"
::1 - - [29/Jul/2020:18:48:49 +0000] "GET /farmers/5f21b9bb8b37a5088c5ce702 HTTP/1.1" 304 - "http://localhost:4200/farmer/list" "Mozilla/5.0 (Macintosh; Intel Mac OS X 10_15_4) AppleWebKit/537.36 (KHTML, like Gecko) Chrome/84.0.4147.89 Safari/537.36"
::1 - - [29/Jul/2020:18:48:51 +0000] "GET /farmers/orders/5f21b9bb8b37a5088c5ce702 HTTP/1.1" 304 - "http://localhost:4200/farmer/order" "Mozilla/5.0 (Macintosh; Intel Mac OS X 10_15_4) AppleWebKit/537.36 (KHTML, like Gecko) Chrome/84.0.4147.89 Safari/537.36"
::1 - - [29/Jul/2020:18:48:51 +0000] "GET /farmers/5f21b9bb8b37a5088c5ce702 HTTP/1.1" 304 - "http://localhost:4200/farmer/home" "Mozilla/5.0 (Macintosh; Intel Mac OS X 10_15_4) AppleWebKit/537.36 (KHTML, like Gecko) Chrome/84.0.4147.89 Safari/537.36"
::1 - - [29/Jul/2020:18:49:16 +0000] "GET /farmers/5f21b9bb8b37a5088c5ce702 HTTP/1.1" 304 - "http://localhost:4200/farmer/list" "Mozilla/5.0 (Macintosh; Intel Mac OS X 10_15_4) AppleWebKit/537.36 (KHTML, like Gecko) Chrome/84.0.4147.89 Safari/537.36"
::1 - - [29/Jul/2020:18:49:25 +0000] "PATCH /farmers/5f21b9bb8b37a5088c5ce702/5f21b9f98b37a5088c5ce703 HTTP/1.1" 202 296 "http://localhost:4200/farmer/edit" "Mozilla/5.0 (Macintosh; Intel Mac OS X 10_15_4) AppleWebKit/537.36 (KHTML, like Gecko) Chrome/84.0.4147.89 Safari/537.36"
::1 - - [29/Jul/2020:18:49:25 +0000] "GET /farmers/5f21b9bb8b37a5088c5ce702 HTTP/1.1" 200 314 "http://localhost:4200/farmer/list" "Mozilla/5.0 (Macintosh; Intel Mac OS X 10_15_4) AppleWebKit/537.36 (KHTML, like Gecko) Chrome/84.0.4147.89 Safari/537.36"
::1 - - [29/Jul/2020:18:49:29 +0000] "GET /farmers/5f21b9bb8b37a5088c5ce702 HTTP/1.1" 304 - "http://localhost:4200/farmer/home" "Mozilla/5.0 (Macintosh; Intel Mac OS X 10_15_4) AppleWebKit/537.36 (KHTML, like Gecko) Chrome/84.0.4147.89 Safari/537.36"
::1 - - [29/Jul/2020:18:49:31 +0000] "GET /farmers/orders/5f21b9bb8b37a5088c5ce702 HTTP/1.1" 304 - "http://localhost:4200/farmer/order" "Mozilla/5.0 (Macintosh; Intel Mac OS X 10_15_4) AppleWebKit/537.36 (KHTML, like Gecko) Chrome/84.0.4147.89 Safari/537.36"
::1 - - [29/Jul/2020:18:50:13 +0000] "POST /farmers/5f21b9bb8b37a5088c5ce702 HTTP/1.1" 200 295 "http://localhost:4200/farmer/add" "Mozilla/5.0 (Macintosh; Intel Mac OS X 10_15_4) AppleWebKit/537.36 (KHTML, like Gecko) Chrome/84.0.4147.89 Safari/537.36"
::1 - - [29/Jul/2020:18:50:13 +0000] "GET /farmers/5f21b9bb8b37a5088c5ce702 HTTP/1.1" 200 444 "http://localhost:4200/farmer/list" "Mozilla/5.0 (Macintosh; Intel Mac OS X 10_15_4) AppleWebKit/537.36 (KHTML, like Gecko) Chrome/84.0.4147.89 Safari/537.36"
::1 - - [29/Jul/2020:18:50:27 +0000] "DELETE /farmers/5f21b9bb8b37a5088c5ce702/5f21c4e58b37a5088c5ce705 HTTP/1.1" 200 295 "http://localhost:4200/farmer/list" "Mozilla/5.0 (Macintosh; Intel Mac OS X 10_15_4) AppleWebKit/537.36 (KHTML, like Gecko) Chrome/84.0.4147.89 Safari/537.36"
::1 - - [29/Jul/2020:18:50:35 +0000] "GET /farmers/5f21b9bb8b37a5088c5ce702 HTTP/1.1" 200 314 "http://localhost:4200/farmer/list" "Mozilla/5.0 (Macintosh; Intel Mac OS X 10_15_4) AppleWebKit/537.36 (KHTML, like Gecko) Chrome/84.0.4147.89 Safari/537.36"
::1 - - [29/Jul/2020:18:51:12 +0000] "POST /farmers/5f21b9bb8b37a5088c5ce702 HTTP/1.1" 200 295 "http://localhost:4200/farmer/add" "Mozilla/5.0 (Macintosh; Intel Mac OS X 10_15_4) AppleWebKit/537.36 (KHTML, like Gecko) Chrome/84.0.4147.89 Safari/537.36"
::1 - - [29/Jul/2020:18:51:12 +0000] "GET /farmers/5f21b9bb8b37a5088c5ce702 HTTP/1.1" 200 443 "http://localhost:4200/farmer/list" "Mozilla/5.0 (Macintosh; Intel Mac OS X 10_15_4) AppleWebKit/537.36 (KHTML, like Gecko) Chrome/84.0.4147.89 Safari/537.36"
::1 - - [29/Jul/2020:18:51:20 +0000] "GET /farmers/5f21b9bb8b37a5088c5ce702 HTTP/1.1" 304 - "http://localhost:4200/farmer/home" "Mozilla/5.0 (Macintosh; Intel Mac OS X 10_15_4) AppleWebKit/537.36 (KHTML, like Gecko) Chrome/84.0.4147.89 Safari/537.36"
::1 - - [29/Jul/2020:18:51:22 +0000] "GET /farmers/5f21b9bb8b37a5088c5ce702 HTTP/1.1" 304 - "http://localhost:4200/farmer/list" "Mozilla/5.0 (Macintosh; Intel Mac OS X 10_15_4) AppleWebKit/537.36 (KHTML, like Gecko) Chrome/84.0.4147.89 Safari/537.36"
::1 - - [29/Jul/2020:18:51:31 +0000] "GET /farmers/orders/5f21b9bb8b37a5088c5ce702 HTTP/1.1" 304 - "http://localhost:4200/farmer/order" "Mozilla/5.0 (Macintosh; Intel Mac OS X 10_15_4) AppleWebKit/537.36 (KHTML, like Gecko) Chrome/84.0.4147.89 Safari/537.36"
::1 - - [29/Jul/2020:18:52:34 +0000] "GET /farmers/orders/5f21b9bb8b37a5088c5ce702 HTTP/1.1" 304 - "http://localhost:4200/farmer/order" "Mozilla/5.0 (Macintosh; Intel Mac OS X 10_15_4) AppleWebKit/537.36 (KHTML, like Gecko) Chrome/84.0.4147.89 Safari/537.36"
::1 - - [29/Jul/2020:18:52:54 +0000] "GET /farmers/orders/5f21b9bb8b37a5088c5ce702 HTTP/1.1" 304 - "http://localhost:4200/farmer/order" "Mozilla/5.0 (Macintosh; Intel Mac OS X 10_15_4) AppleWebKit/537.36 (KHTML, like Gecko) Chrome/84.0.4147.89 Safari/537.36"
::1 - - [29/Jul/2020:18:53:04 +0000] "GET /farmers/orders/5f21b9bb8b37a5088c5ce702 HTTP/1.1" 304 - "http://localhost:4200/farmer/order" "Mozilla/5.0 (Macintosh; Intel Mac OS X 10_15_4) AppleWebKit/537.36 (KHTML, like Gecko) Chrome/84.0.4147.89 Safari/537.36"
::1 - - [29/Jul/2020:18:53:39 +0000] "GET /farmers/orders/5f21b9bb8b37a5088c5ce702 HTTP/1.1" 304 - "http://localhost:4200/farmer/order" "Mozilla/5.0 (Macintosh; Intel Mac OS X 10_15_4) AppleWebKit/537.36 (KHTML, like Gecko) Chrome/84.0.4147.89 Safari/537.36"
::1 - - [29/Jul/2020:18:53:52 +0000] "GET /farmers/5f21b9bb8b37a5088c5ce702 HTTP/1.1" 304 - "http://localhost:4200/farmer/home" "Mozilla/5.0 (Macintosh; Intel Mac OS X 10_15_4) AppleWebKit/537.36 (KHTML, like Gecko) Chrome/84.0.4147.89 Safari/537.36"
::1 - - [29/Jul/2020:18:53:54 +0000] "GET /farmers/5f21b9bb8b37a5088c5ce702 HTTP/1.1" 304 - "http://localhost:4200/farmer/list" "Mozilla/5.0 (Macintosh; Intel Mac OS X 10_15_4) AppleWebKit/537.36 (KHTML, like Gecko) Chrome/84.0.4147.89 Safari/537.36"
::1 - - [29/Jul/2020:18:53:56 +0000] "GET /farmers/orders/5f21b9bb8b37a5088c5ce702 HTTP/1.1" 304 - "http://localhost:4200/farmer/order" "Mozilla/5.0 (Macintosh; Intel Mac OS X 10_15_4) AppleWebKit/537.36 (KHTML, like Gecko) Chrome/84.0.4147.89 Safari/537.36"
::1 - - [29/Jul/2020:18:55:43 +0000] "GET /farmers/5f21b5558b37a5088c5ce6fb HTTP/1.1" 401 21 "http://localhost:4200/farmer/home" "Mozilla/5.0 (Macintosh; Intel Mac OS X 10_15_4) AppleWebKit/537.36 (KHTML, like Gecko) Chrome/84.0.4147.89 Safari/537.36"
::1 - - [29/Jul/2020:18:55:43 +0000] "GET /file/upload/ HTTP/1.1" 404 151 "http://localhost:4200/farmer/home" "Mozilla/5.0 (Macintosh; Intel Mac OS X 10_15_4) AppleWebKit/537.36 (KHTML, like Gecko) Chrome/84.0.4147.89 Safari/537.36"
::1 - - [29/Jul/2020:18:57:09 +0000] "GET /farmers/5f21b5558b37a5088c5ce6fb HTTP/1.1" 401 21 "http://localhost:4200/farmer/home" "Mozilla/5.0 (Macintosh; Intel Mac OS X 10_15_4) AppleWebKit/537.36 (KHTML, like Gecko) Chrome/84.0.4147.89 Safari/537.36"
::1 - - [29/Jul/2020:18:57:09 +0000] "GET /file/upload/ HTTP/1.1" 404 151 "http://localhost:4200/farmer/home" "Mozilla/5.0 (Macintosh; Intel Mac OS X 10_15_4) AppleWebKit/537.36 (KHTML, like Gecko) Chrome/84.0.4147.89 Safari/537.36"
::1 - - [29/Jul/2020:19:01:04 +0000] "GET /customers/farmers HTTP/1.1" - - "-" "Expo/2.16.0.108985 CFNetwork/1128.0.1 Darwin/19.4.0"
::1 - - [29/Jul/2020:19:03:04 +0000] "GET /customers/farmers HTTP/1.1" - - "-" "Expo/2.16.0.108985 CFNetwork/1128.0.1 Darwin/19.4.0"
::1 - - [29/Jul/2020:19:04:02 +0000] "GET /customers/farmers HTTP/1.1" 200 1383 "-" "Expo/2.16.0.108985 CFNetwork/1128.0.1 Darwin/19.4.0"
::1 - - [29/Jul/2020:19:04:14 +0000] "POST /customers/5f21c8188b37a5088c5ce707 HTTP/1.1" 200 285 "-" "Expo/2.16.0.108985 CFNetwork/1128.0.1 Darwin/19.4.0"
::1 - - [29/Jul/2020:19:04:14 +0000] "GET /customers/5f21c8188b37a5088c5ce707 HTTP/1.1" 200 333 "-" "Expo/2.16.0.108985 CFNetwork/1128.0.1 Darwin/19.4.0"
::1 - - [29/Jul/2020:19:04:16 +0000] "POST /customers/orders/5f21b5c58b37a5088c5ce6fd HTTP/1.1" 201 295 "-" "Expo/2.16.0.108985 CFNetwork/1128.0.1 Darwin/19.4.0"
::1 - - [29/Jul/2020:19:04:17 +0000] "PATCH /customers/5f21c8188b37a5088c5ce707 HTTP/1.1" 205 285 "-" "Expo/2.16.0.108985 CFNetwork/1128.0.1 Darwin/19.4.0"
::1 - - [29/Jul/2020:19:04:32 +0000] "POST /customers/orders/5f21b5c58b37a5088c5ce6fd HTTP/1.1" 201 295 "-" "Expo/2.16.0.108985 CFNetwork/1128.0.1 Darwin/19.4.0"
::1 - - [29/Jul/2020:19:04:36 +0000] "PATCH /customers HTTP/1.1" 200 285 "-" "Expo/2.16.0.108985 CFNetwork/1128.0.1 Darwin/19.4.0"
::1 - - [29/Jul/2020:19:05:05 +0000] "GET /customers/farmers HTTP/1.1" - - "-" "Expo/2.16.0.108985 CFNetwork/1128.0.1 Darwin/19.4.0"
::1 - - [29/Jul/2020:19:06:01 +0000] "GET /farmers/orders/5f21b5c58b37a5088c5ce6fd HTTP/1.1" 200 805 "http://localhost:4200/farmer/order" "Mozilla/5.0 (Macintosh; Intel Mac OS X 10_15_4) AppleWebKit/537.36 (KHTML, like Gecko) Chrome/84.0.4147.89 Safari/537.36"
::1 - - [29/Jul/2020:19:08:32 +0000] "GET /farmers/orders/5f21b5c58b37a5088c5ce6fd HTTP/1.1" 304 - "http://localhost:4200/farmer/order" "Mozilla/5.0 (Macintosh; Intel Mac OS X 10_15_4) AppleWebKit/537.36 (KHTML, like Gecko) Chrome/84.0.4147.89 Safari/537.36"
::1 - - [29/Jul/2020:19:08:54 +0000] "POST /farmers/orders/5f21b5c58b37a5088c5ce6fd HTTP/1.1" 200 285 "http://localhost:4200/farmer/order" "Mozilla/5.0 (Macintosh; Intel Mac OS X 10_15_4) AppleWebKit/537.36 (KHTML, like Gecko) Chrome/84.0.4147.89 Safari/537.36"
::1 - - [29/Jul/2020:19:11:45 +0000] "GET /farmers/5f21b5c58b37a5088c5ce6fd HTTP/1.1" 200 676 "http://localhost:4200/farmer/list" "Mozilla/5.0 (Macintosh; Intel Mac OS X 10_15_4) AppleWebKit/537.36 (KHTML, like Gecko) Chrome/84.0.4147.89 Safari/537.36"
::1 - - [29/Jul/2020:19:11:47 +0000] "GET /farmers/orders/5f21b5c58b37a5088c5ce6fd HTTP/1.1" 200 803 "http://localhost:4200/farmer/order" "Mozilla/5.0 (Macintosh; Intel Mac OS X 10_15_4) AppleWebKit/537.36 (KHTML, like Gecko) Chrome/84.0.4147.89 Safari/537.36"
::1 - - [29/Jul/2020:19:17:41 +0000] "GET /farmers/5f21b5558b37a5088c5ce6fb HTTP/1.1" 401 21 "http://localhost:4200/farmer/home" "Mozilla/5.0 (Macintosh; Intel Mac OS X 10_15_4) AppleWebKit/537.36 (KHTML, like Gecko) Chrome/84.0.4147.89 Safari/537.36"
::1 - - [29/Jul/2020:19:17:41 +0000] "GET /file/upload/ HTTP/1.1" 404 151 "http://localhost:4200/farmer/home" "Mozilla/5.0 (Macintosh; Intel Mac OS X 10_15_4) AppleWebKit/537.36 (KHTML, like Gecko) Chrome/84.0.4147.89 Safari/537.36"
::1 - - [29/Jul/2020:19:18:31 +0000] "GET /farmers/5f21b5558b37a5088c5ce6fb HTTP/1.1" 401 21 "http://localhost:4200/farmer/home" "Mozilla/5.0 (Macintosh; Intel Mac OS X 10_15_4) AppleWebKit/537.36 (KHTML, like Gecko) Chrome/84.0.4147.89 Safari/537.36"
::1 - - [29/Jul/2020:19:18:31 +0000] "GET /file/upload/ HTTP/1.1" 404 151 "http://localhost:4200/farmer/home" "Mozilla/5.0 (Macintosh; Intel Mac OS X 10_15_4) AppleWebKit/537.36 (KHTML, like Gecko) Chrome/84.0.4147.89 Safari/537.36"
::1 - - [29/Jul/2020:19:18:49 +0000] "GET /farmers/5f21b5558b37a5088c5ce6fb HTTP/1.1" 401 21 "http://localhost:4200/farmer/home" "Mozilla/5.0 (Macintosh; Intel Mac OS X 10_15_4) AppleWebKit/537.36 (KHTML, like Gecko) Chrome/84.0.4147.89 Safari/537.36"
::1 - - [29/Jul/2020:19:18:49 +0000] "GET /file/upload/ HTTP/1.1" 404 151 "http://localhost:4200/farmer/home" "Mozilla/5.0 (Macintosh; Intel Mac OS X 10_15_4) AppleWebKit/537.36 (KHTML, like Gecko) Chrome/84.0.4147.89 Safari/537.36"
::1 - - [29/Jul/2020:19:24:11 +0000] "GET /farmers/5f21b5558b37a5088c5ce6fb HTTP/1.1" 401 21 "http://localhost:4200/farmer/home" "Mozilla/5.0 (Macintosh; Intel Mac OS X 10_15_4) AppleWebKit/537.36 (KHTML, like Gecko) Chrome/84.0.4147.89 Safari/537.36"
::1 - - [29/Jul/2020:19:24:11 +0000] "GET /file/upload/ HTTP/1.1" 404 151 "http://localhost:4200/farmer/home" "Mozilla/5.0 (Macintosh; Intel Mac OS X 10_15_4) AppleWebKit/537.36 (KHTML, like Gecko) Chrome/84.0.4147.89 Safari/537.36"
::1 - - [29/Jul/2020:19:24:56 +0000] "GET /farmers/5f21b5558b37a5088c5ce6fb HTTP/1.1" 401 21 "http://localhost:4200/farmer/home" "Mozilla/5.0 (Macintosh; Intel Mac OS X 10_15_4) AppleWebKit/537.36 (KHTML, like Gecko) Chrome/84.0.4147.89 Safari/537.36"
::1 - - [29/Jul/2020:19:24:56 +0000] "GET /file/upload/ HTTP/1.1" 404 151 "http://localhost:4200/farmer/home" "Mozilla/5.0 (Macintosh; Intel Mac OS X 10_15_4) AppleWebKit/537.36 (KHTML, like Gecko) Chrome/84.0.4147.89 Safari/537.36"
::1 - - [29/Jul/2020:19:26:32 +0000] "GET /farmers/5f21b5558b37a5088c5ce6fb HTTP/1.1" 401 21 "http://localhost:4200/farmer/home" "Mozilla/5.0 (Macintosh; Intel Mac OS X 10_15_4) AppleWebKit/537.36 (KHTML, like Gecko) Chrome/84.0.4147.89 Safari/537.36"
::1 - - [29/Jul/2020:19:26:32 +0000] "GET /file/upload/ HTTP/1.1" 404 151 "http://localhost:4200/farmer/home" "Mozilla/5.0 (Macintosh; Intel Mac OS X 10_15_4) AppleWebKit/537.36 (KHTML, like Gecko) Chrome/84.0.4147.89 Safari/537.36"
::1 - - [29/Jul/2020:19:27:20 +0000] "GET /farmers/5f21b5558b37a5088c5ce6fb HTTP/1.1" 401 21 "http://localhost:4200/farmer/home" "Mozilla/5.0 (Macintosh; Intel Mac OS X 10_15_4) AppleWebKit/537.36 (KHTML, like Gecko) Chrome/84.0.4147.89 Safari/537.36"
::1 - - [29/Jul/2020:19:27:20 +0000] "GET /file/upload/ HTTP/1.1" 404 151 "http://localhost:4200/farmer/home" "Mozilla/5.0 (Macintosh; Intel Mac OS X 10_15_4) AppleWebKit/537.36 (KHTML, like Gecko) Chrome/84.0.4147.89 Safari/537.36"
::1 - - [29/Jul/2020:19:27:34 +0000] "GET /farmers/5f21b5558b37a5088c5ce6fb HTTP/1.1" 401 21 "http://localhost:4200/farmer/home" "Mozilla/5.0 (Macintosh; Intel Mac OS X 10_15_4) AppleWebKit/537.36 (KHTML, like Gecko) Chrome/84.0.4147.89 Safari/537.36"
::1 - - [29/Jul/2020:19:27:34 +0000] "GET /file/upload/ HTTP/1.1" 404 151 "http://localhost:4200/farmer/home" "Mozilla/5.0 (Macintosh; Intel Mac OS X 10_15_4) AppleWebKit/537.36 (KHTML, like Gecko) Chrome/84.0.4147.89 Safari/537.36"
::1 - - [29/Jul/2020:19:27:51 +0000] "GET /file/upload/ HTTP/1.1" 404 151 "http://localhost:4200/farmer/home" "Mozilla/5.0 (Macintosh; Intel Mac OS X 10_15_4) AppleWebKit/537.36 (KHTML, like Gecko) Chrome/84.0.4147.89 Safari/537.36"
::1 - - [29/Jul/2020:19:27:51 +0000] "GET /farmers/5f21b5558b37a5088c5ce6fb HTTP/1.1" 401 21 "http://localhost:4200/farmer/home" "Mozilla/5.0 (Macintosh; Intel Mac OS X 10_15_4) AppleWebKit/537.36 (KHTML, like Gecko) Chrome/84.0.4147.89 Safari/537.36"
::1 - - [29/Jul/2020:19:28:10 +0000] "GET /farmers/5f21b9bb8b37a5088c5ce702 HTTP/1.1" 304 - "http://localhost:4200/farmer/home" "Mozilla/5.0 (Macintosh; Intel Mac OS X 10_15_4) AppleWebKit/537.36 (KHTML, like Gecko) Chrome/84.0.4147.89 Safari/537.36"
::1 - - [29/Jul/2020:19:28:41 +0000] "GET /farmers/5f21b9bb8b37a5088c5ce702 HTTP/1.1" 304 - "http://localhost:4200/farmer/home" "Mozilla/5.0 (Macintosh; Intel Mac OS X 10_15_4) AppleWebKit/537.36 (KHTML, like Gecko) Chrome/84.0.4147.89 Safari/537.36"
::1 - - [29/Jul/2020:19:41:03 +0000] "GET /customers/farmers HTTP/1.1" 200 2140 "-" "Expo/2.16.0.108985 CFNetwork/1128.0.1 Darwin/19.4.0"
::1 - - [29/Jul/2020:19:41:15 +0000] "GET /customers/orders/5f21b5c58b37a5088c5ce6fd/5f21c8188b37a5088c5ce707 HTTP/1.1" 200 759 "-" "Expo/2.16.0.108985 CFNetwork/1128.0.1 Darwin/19.4.0"
::1 - - [29/Jul/2020:19:41:42 +0000] "POST /customers/5f21c8188b37a5088c5ce707 HTTP/1.1" 200 285 "-" "Expo/2.16.0.108985 CFNetwork/1128.0.1 Darwin/19.4.0"
::1 - - [29/Jul/2020:19:41:42 +0000] "GET /customers/5f21c8188b37a5088c5ce707 HTTP/1.1" 200 284 "-" "Expo/2.16.0.108985 CFNetwork/1128.0.1 Darwin/19.4.0"
::1 - - [29/Jul/2020:19:41:52 +0000] "POST /customers/5f21c8188b37a5088c5ce707 HTTP/1.1" 400 55 "-" "Expo/2.16.0.108985 CFNetwork/1128.0.1 Darwin/19.4.0"
::1 - - [29/Jul/2020:20:25:21 +0000] "GET /farmers/5f21b9bb8b37a5088c5ce702 HTTP/1.1" 304 - "http://localhost:4200/farmer/list" "Mozilla/5.0 (Macintosh; Intel Mac OS X 10_15_4) AppleWebKit/537.36 (KHTML, like Gecko) Chrome/84.0.4147.89 Safari/537.36"
::1 - - [29/Jul/2020:20:25:28 +0000] "DELETE /farmers/5f21b9bb8b37a5088c5ce702/5f21c5208b37a5088c5ce706 HTTP/1.1" 200 295 "http://localhost:4200/farmer/list" "Mozilla/5.0 (Macintosh; Intel Mac OS X 10_15_4) AppleWebKit/537.36 (KHTML, like Gecko) Chrome/84.0.4147.89 Safari/537.36"
::1 - - [29/Jul/2020:20:25:47 +0000] "PATCH /farmers/5f21b9bb8b37a5088c5ce702/5f21ba7e8b37a5088c5ce704 HTTP/1.1" 202 296 "http://localhost:4200/farmer/edit" "Mozilla/5.0 (Macintosh; Intel Mac OS X 10_15_4) AppleWebKit/537.36 (KHTML, like Gecko) Chrome/84.0.4147.89 Safari/537.36"
::1 - - [29/Jul/2020:20:25:47 +0000] "GET /farmers/5f21b9bb8b37a5088c5ce702 HTTP/1.1" 200 317 "http://localhost:4200/farmer/list" "Mozilla/5.0 (Macintosh; Intel Mac OS X 10_15_4) AppleWebKit/537.36 (KHTML, like Gecko) Chrome/84.0.4147.89 Safari/537.36"
::1 - - [29/Jul/2020:20:26:45 +0000] "GET /farmers/5f21b9bb8b37a5088c5ce702 HTTP/1.1" 304 - "http://localhost:4200/farmer/home" "Mozilla/5.0 (Macintosh; Intel Mac OS X 10_15_4) AppleWebKit/537.36 (KHTML, like Gecko) Chrome/84.0.4147.89 Safari/537.36"
::1 - - [29/Jul/2020:20:29:53 +0000] "GET /farmers/5f21b9bb8b37a5088c5ce702 HTTP/1.1" 304 - "http://localhost:4200/farmer/home" "Mozilla/5.0 (Macintosh; Intel Mac OS X 10_15_4) AppleWebKit/537.36 (KHTML, like Gecko) Chrome/84.0.4147.89 Safari/537.36"
::1 - - [29/Jul/2020:20:30:05 +0000] "GET /farmers/5f21b9bb8b37a5088c5ce702 HTTP/1.1" 304 - "http://localhost:4200/farmer/list" "Mozilla/5.0 (Macintosh; Intel Mac OS X 10_15_4) AppleWebKit/537.36 (KHTML, like Gecko) Chrome/84.0.4147.89 Safari/537.36"
::1 - - [29/Jul/2020:20:30:09 +0000] "GET /farmers/5f21b9bb8b37a5088c5ce702 HTTP/1.1" 304 - "http://localhost:4200/farmer/list" "Mozilla/5.0 (Macintosh; Intel Mac OS X 10_15_4) AppleWebKit/537.36 (KHTML, like Gecko) Chrome/84.0.4147.89 Safari/537.36"
::1 - - [29/Jul/2020:20:30:20 +0000] "GET /farmers/orders/5f21b9bb8b37a5088c5ce702 HTTP/1.1" 304 - "http://localhost:4200/farmer/order" "Mozilla/5.0 (Macintosh; Intel Mac OS X 10_15_4) AppleWebKit/537.36 (KHTML, like Gecko) Chrome/84.0.4147.89 Safari/537.36"
::1 - - [29/Jul/2020:20:30:54 +0000] "GET /farmers/orders/5f21b5c58b37a5088c5ce6fd HTTP/1.1" 304 - "http://localhost:4200/farmer/order" "Mozilla/5.0 (Macintosh; Intel Mac OS X 10_15_4) AppleWebKit/537.36 (KHTML, like Gecko) Chrome/84.0.4147.89 Safari/537.36"
::1 - - [29/Jul/2020:20:30:59 +0000] "POST /farmers/orders/5f21b5c58b37a5088c5ce6fd HTTP/1.1" 200 285 "http://localhost:4200/farmer/order" "Mozilla/5.0 (Macintosh; Intel Mac OS X 10_15_4) AppleWebKit/537.36 (KHTML, like Gecko) Chrome/84.0.4147.89 Safari/537.36"
::1 - - [29/Jul/2020:20:31:03 +0000] "POST /farmers/orders/5f21b5c58b37a5088c5ce6fd HTTP/1.1" 200 285 "http://localhost:4200/farmer/order" "Mozilla/5.0 (Macintosh; Intel Mac OS X 10_15_4) AppleWebKit/537.36 (KHTML, like Gecko) Chrome/84.0.4147.89 Safari/537.36"
::1 - - [29/Jul/2020:20:31:10 +0000] "GET /farmers/orders/5f21b5c58b37a5088c5ce6fd HTTP/1.1" 200 801 "http://localhost:4200/farmer/order" "Mozilla/5.0 (Macintosh; Intel Mac OS X 10_15_4) AppleWebKit/537.36 (KHTML, like Gecko) Chrome/84.0.4147.89 Safari/537.36"
::1 - - [29/Jul/2020:20:32:03 +0000] "GET /farmers/orders/5f21b5c58b37a5088c5ce6fd HTTP/1.1" 304 - "http://localhost:4200/farmer/order" "Mozilla/5.0 (Macintosh; Intel Mac OS X 10_15_4) AppleWebKit/537.36 (KHTML, like Gecko) Chrome/84.0.4147.89 Safari/537.36"
::1 - - [29/Jul/2020:20:32:14 +0000] "GET /farmers/orders/5f21b5c58b37a5088c5ce6fd HTTP/1.1" 304 - "http://localhost:4200/farmer/order" "Mozilla/5.0 (Macintosh; Intel Mac OS X 10_15_4) AppleWebKit/537.36 (KHTML, like Gecko) Chrome/84.0.4147.89 Safari/537.36"
::1 - - [29/Jul/2020:20:32:27 +0000] "GET /farmers/orders/5f21b5c58b37a5088c5ce6fd HTTP/1.1" 304 - "http://localhost:4200/farmer/order" "Mozilla/5.0 (Macintosh; Intel Mac OS X 10_15_4) AppleWebKit/537.36 (KHTML, like Gecko) Chrome/84.0.4147.89 Safari/537.36"
::1 - - [29/Jul/2020:20:32:43 +0000] "POST /farmers/orders/5f21b5c58b37a5088c5ce6fd HTTP/1.1" 200 285 "http://localhost:4200/farmer/order" "Mozilla/5.0 (Macintosh; Intel Mac OS X 10_15_4) AppleWebKit/537.36 (KHTML, like Gecko) Chrome/84.0.4147.89 Safari/537.36"
::1 - - [29/Jul/2020:20:32:43 +0000] "GET /farmers/orders/5f21b5c58b37a5088c5ce6fd HTTP/1.1" 200 804 "http://localhost:4200/farmer/order" "Mozilla/5.0 (Macintosh; Intel Mac OS X 10_15_4) AppleWebKit/537.36 (KHTML, like Gecko) Chrome/84.0.4147.89 Safari/537.36"
::1 - - [29/Jul/2020:20:33:19 +0000] "GET /farmers/orders/5f21b5c58b37a5088c5ce6fd HTTP/1.1" 304 - "http://localhost:4200/farmer/order" "Mozilla/5.0 (Macintosh; Intel Mac OS X 10_15_4) AppleWebKit/537.36 (KHTML, like Gecko) Chrome/84.0.4147.89 Safari/537.36"
::1 - - [29/Jul/2020:20:36:51 +0000] "GET /farmers/orders/5f21b5c58b37a5088c5ce6fd HTTP/1.1" 304 - "http://localhost:4200/farmer/order" "Mozilla/5.0 (Macintosh; Intel Mac OS X 10_15_4) AppleWebKit/537.36 (KHTML, like Gecko) Chrome/84.0.4147.89 Safari/537.36"
::1 - - [29/Jul/2020:20:37:15 +0000] "GET /farmers/orders/5f21b5c58b37a5088c5ce6fd HTTP/1.1" 304 - "http://localhost:4200/farmer/order" "Mozilla/5.0 (Macintosh; Intel Mac OS X 10_15_4) AppleWebKit/537.36 (KHTML, like Gecko) Chrome/84.0.4147.89 Safari/537.36"
::1 - - [29/Jul/2020:20:37:36 +0000] "GET /farmers/5f21b5c58b37a5088c5ce6fd HTTP/1.1" 304 - "http://localhost:4200/farmer/home" "Mozilla/5.0 (Macintosh; Intel Mac OS X 10_15_4) AppleWebKit/537.36 (KHTML, like Gecko) Chrome/84.0.4147.89 Safari/537.36"
::1 - - [29/Jul/2020:20:37:45 +0000] "GET /farmers/5f21b5c58b37a5088c5ce6fd HTTP/1.1" 304 - "http://localhost:4200/farmer/home" "Mozilla/5.0 (Macintosh; Intel Mac OS X 10_15_4) AppleWebKit/537.36 (KHTML, like Gecko) Chrome/84.0.4147.89 Safari/537.36"
::1 - - [29/Jul/2020:20:37:48 +0000] "GET /farmers/5f21b5c58b37a5088c5ce6fd HTTP/1.1" 304 - "http://localhost:4200/farmer/home" "Mozilla/5.0 (Macintosh; Intel Mac OS X 10_15_4) AppleWebKit/537.36 (KHTML, like Gecko) Chrome/84.0.4147.89 Safari/537.36"
::1 - - [29/Jul/2020:20:38:10 +0000] "GET /farmers/5f21b5c58b37a5088c5ce6fd HTTP/1.1" 304 - "http://localhost:4200/farmer/home" "Mozilla/5.0 (Macintosh; Intel Mac OS X 10_15_4) AppleWebKit/537.36 (KHTML, like Gecko) Chrome/84.0.4147.89 Safari/537.36"
::1 - - [29/Jul/2020:20:40:04 +0000] "GET /farmers/5f21b5c58b37a5088c5ce6fd HTTP/1.1" 304 - "http://localhost:4200/farmer/home" "Mozilla/5.0 (Macintosh; Intel Mac OS X 10_15_4) AppleWebKit/537.36 (KHTML, like Gecko) Chrome/84.0.4147.89 Safari/537.36"
::1 - - [29/Jul/2020:20:40:49 +0000] "GET /farmers/5f21b5c58b37a5088c5ce6fd HTTP/1.1" 304 - "http://localhost:4200/farmer/home" "Mozilla/5.0 (Macintosh; Intel Mac OS X 10_15_4) AppleWebKit/537.36 (KHTML, like Gecko) Chrome/84.0.4147.89 Safari/537.36"
::1 - - [29/Jul/2020:20:41:22 +0000] "GET /farmers/5f21b5c58b37a5088c5ce6fd HTTP/1.1" 304 - "http://localhost:4200/farmer/home" "Mozilla/5.0 (Macintosh; Intel Mac OS X 10_15_4) AppleWebKit/537.36 (KHTML, like Gecko) Chrome/84.0.4147.89 Safari/537.36"
::1 - - [29/Jul/2020:20:41:58 +0000] "GET /farmers/5f21b5c58b37a5088c5ce6fd HTTP/1.1" 304 - "http://localhost:4200/farmer/home" "Mozilla/5.0 (Macintosh; Intel Mac OS X 10_15_4) AppleWebKit/537.36 (KHTML, like Gecko) Chrome/84.0.4147.89 Safari/537.36"
::1 - - [29/Jul/2020:20:42:37 +0000] "GET /farmers/5f21b5c58b37a5088c5ce6fd HTTP/1.1" 304 - "http://localhost:4200/farmer/home" "Mozilla/5.0 (Macintosh; Intel Mac OS X 10_15_4) AppleWebKit/537.36 (KHTML, like Gecko) Chrome/84.0.4147.89 Safari/537.36"
::1 - - [29/Jul/2020:20:42:40 +0000] "GET /farmers/5f21b5c58b37a5088c5ce6fd HTTP/1.1" 304 - "http://localhost:4200/farmer/list" "Mozilla/5.0 (Macintosh; Intel Mac OS X 10_15_4) AppleWebKit/537.36 (KHTML, like Gecko) Chrome/84.0.4147.89 Safari/537.36"
::1 - - [29/Jul/2020:20:43:12 +0000] "GET /farmers/5f21b5c58b37a5088c5ce6fd HTTP/1.1" 304 - "http://localhost:4200/farmer/list" "Mozilla/5.0 (Macintosh; Intel Mac OS X 10_15_4) AppleWebKit/537.36 (KHTML, like Gecko) Chrome/84.0.4147.89 Safari/537.36"
::1 - - [29/Jul/2020:20:43:17 +0000] "GET /farmers/5f21b5c58b37a5088c5ce6fd HTTP/1.1" 304 - "http://localhost:4200/farmer/home" "Mozilla/5.0 (Macintosh; Intel Mac OS X 10_15_4) AppleWebKit/537.36 (KHTML, like Gecko) Chrome/84.0.4147.89 Safari/537.36"
::1 - - [29/Jul/2020:20:43:19 +0000] "GET /farmers/5f21b5c58b37a5088c5ce6fd HTTP/1.1" 304 - "http://localhost:4200/farmer/list" "Mozilla/5.0 (Macintosh; Intel Mac OS X 10_15_4) AppleWebKit/537.36 (KHTML, like Gecko) Chrome/84.0.4147.89 Safari/537.36"
::1 - - [29/Jul/2020:20:43:20 +0000] "GET /farmers/orders/5f21b5c58b37a5088c5ce6fd HTTP/1.1" 304 - "http://localhost:4200/farmer/order" "Mozilla/5.0 (Macintosh; Intel Mac OS X 10_15_4) AppleWebKit/537.36 (KHTML, like Gecko) Chrome/84.0.4147.89 Safari/537.36"
::1 - - [29/Jul/2020:20:43:27 +0000] "POST /farmers/orders/5f21b5c58b37a5088c5ce6fd HTTP/1.1" 200 285 "http://localhost:4200/farmer/order" "Mozilla/5.0 (Macintosh; Intel Mac OS X 10_15_4) AppleWebKit/537.36 (KHTML, like Gecko) Chrome/84.0.4147.89 Safari/537.36"
::1 - - [29/Jul/2020:20:43:27 +0000] "GET /farmers/orders/5f21b5c58b37a5088c5ce6fd HTTP/1.1" 200 807 "http://localhost:4200/farmer/order" "Mozilla/5.0 (Macintosh; Intel Mac OS X 10_15_4) AppleWebKit/537.36 (KHTML, like Gecko) Chrome/84.0.4147.89 Safari/537.36"
::1 - - [29/Jul/2020:20:43:39 +0000] "GET /farmers/5f21b5c58b37a5088c5ce6fd HTTP/1.1" 304 - "http://localhost:4200/farmer/list" "Mozilla/5.0 (Macintosh; Intel Mac OS X 10_15_4) AppleWebKit/537.36 (KHTML, like Gecko) Chrome/84.0.4147.89 Safari/537.36"
::1 - - [29/Jul/2020:20:44:36 +0000] "POST /farmers/5f21b5c58b37a5088c5ce6fd HTTP/1.1" 200 295 "http://localhost:4200/farmer/add" "Mozilla/5.0 (Macintosh; Intel Mac OS X 10_15_4) AppleWebKit/537.36 (KHTML, like Gecko) Chrome/84.0.4147.89 Safari/537.36"
::1 - - [29/Jul/2020:20:44:36 +0000] "GET /farmers/5f21b5c58b37a5088c5ce6fd HTTP/1.1" 200 812 "http://localhost:4200/farmer/list" "Mozilla/5.0 (Macintosh; Intel Mac OS X 10_15_4) AppleWebKit/537.36 (KHTML, like Gecko) Chrome/84.0.4147.89 Safari/537.36"
::1 - - [29/Jul/2020:20:44:48 +0000] "GET /farmers/5f21b5c58b37a5088c5ce6fd HTTP/1.1" 304 - "http://localhost:4200/farmer/home" "Mozilla/5.0 (Macintosh; Intel Mac OS X 10_15_4) AppleWebKit/537.36 (KHTML, like Gecko) Chrome/84.0.4147.89 Safari/537.36"
::1 - - [29/Jul/2020:20:45:32 +0000] "GET /file/upload/ HTTP/1.1" 404 151 "http://localhost:4200/farmer/home" "Mozilla/5.0 (Macintosh; Intel Mac OS X 10_15_4) AppleWebKit/537.36 (KHTML, like Gecko) Chrome/84.0.4147.89 Safari/537.36"
::1 - - [29/Jul/2020:20:45:32 +0000] "GET /farmers/5f21b5558b37a5088c5ce6fb HTTP/1.1" 401 21 "http://localhost:4200/farmer/home" "Mozilla/5.0 (Macintosh; Intel Mac OS X 10_15_4) AppleWebKit/537.36 (KHTML, like Gecko) Chrome/84.0.4147.89 Safari/537.36"
::1 - - [29/Jul/2020:21:07:09 +0000] "GET /customers/farmers HTTP/1.1" 200 2154 "-" "Expo/2.16.0.108985 CFNetwork/1128.0.1 Darwin/19.4.0"
::1 - - [29/Jul/2020:21:08:01 +0000] "GET /customers/farmers HTTP/1.1" 304 - "-" "Expo/2.16.0.108985 CFNetwork/1128.0.1 Darwin/19.4.0"
::1 - - [29/Jul/2020:21:08:41 +0000] "GET /customers/farmers HTTP/1.1" 304 - "-" "Expo/2.16.0.108985 CFNetwork/1128.0.1 Darwin/19.4.0"
::1 - - [29/Jul/2020:21:08:44 +0000] "GET /customers/orders/5f21b9bb8b37a5088c5ce702/5f21c8188b37a5088c5ce707 HTTP/1.1" 200 2 "-" "Expo/2.16.0.108985 CFNetwork/1128.0.1 Darwin/19.4.0"
::1 - - [29/Jul/2020:21:08:49 +0000] "GET /customers/orders/5f21b5c58b37a5088c5ce6fd/5f21c8188b37a5088c5ce707 HTTP/1.1" 200 763 "-" "Expo/2.16.0.108985 CFNetwork/1128.0.1 Darwin/19.4.0"
::1 - - [30/Jul/2020:03:09:34 +0000] "GET /farmers/5f21b9bb8b37a5088c5ce702 HTTP/1.1" 304 - "http://localhost:4200/farmer/home" "Mozilla/5.0 (Macintosh; Intel Mac OS X 10_15_4) AppleWebKit/537.36 (KHTML, like Gecko) Chrome/84.0.4147.105 Safari/537.36"
::1 - - [30/Jul/2020:03:09:37 +0000] "GET /farmers/orders/5f21b9bb8b37a5088c5ce702 HTTP/1.1" 304 - "http://localhost:4200/farmer/order" "Mozilla/5.0 (Macintosh; Intel Mac OS X 10_15_4) AppleWebKit/537.36 (KHTML, like Gecko) Chrome/84.0.4147.105 Safari/537.36"
::1 - - [30/Jul/2020:03:09:39 +0000] "GET /farmers/5f21b9bb8b37a5088c5ce702 HTTP/1.1" 304 - "http://localhost:4200/farmer/list" "Mozilla/5.0 (Macintosh; Intel Mac OS X 10_15_4) AppleWebKit/537.36 (KHTML, like Gecko) Chrome/84.0.4147.105 Safari/537.36"
